\BOOKMARK [0][-]{chapter*.1}{Lista de Figuras}{}% 1
\BOOKMARK [0][-]{chapter*.3}{Lista de Tabelas}{}% 2
\BOOKMARK [0][-]{section*.10}{Acr\363nimos}{}% 3
\BOOKMARK [0][-]{chapter.1}{Introdu\347\343o}{}% 4
\BOOKMARK [1][-]{section.1.1}{Objetivos}{chapter.1}% 5
\BOOKMARK [1][-]{section.1.2}{Organiza\347\343o do documento}{chapter.1}% 6
\BOOKMARK [0][-]{chapter.2}{Conceito de IoT no cultivo da Salic\363rnia}{}% 7
\BOOKMARK [1][-]{section.2.1}{Caracter\355sticas da planta}{chapter.2}% 8
\BOOKMARK [1][-]{section.2.2}{Condi\347\365es ideais de cultivo da Salic\363rnia}{chapter.2}% 9
\BOOKMARK [1][-]{section.2.3}{Import\342ncia da planta}{chapter.2}% 10
\BOOKMARK [1][-]{section.2.4}{Evolu\347\343o tecnol\363gica: o IoT}{chapter.2}% 11
\BOOKMARK [1][-]{section.2.5}{Considera\347\365es finais}{chapter.2}% 12
\BOOKMARK [0][-]{chapter.3}{Estado da arte}{}% 13
\BOOKMARK [1][-]{section.3.1}{Conceitos tecnol\363gicos}{chapter.3}% 14
\BOOKMARK [1][-]{section.3.2}{Sistema de Gest\343o de Base de Dados}{chapter.3}% 15
\BOOKMARK [2][-]{subsection.3.2.1}{MySQL}{section.3.2}% 16
\BOOKMARK [2][-]{subsection.3.2.2}{SQL Server}{section.3.2}% 17
\BOOKMARK [2][-]{subsection.3.2.3}{PostgreSQL}{section.3.2}% 18
\BOOKMARK [2][-]{subsection.3.2.4}{Compara\347\343o e solu\347\343o adotada}{section.3.2}% 19
\BOOKMARK [1][-]{section.3.3}{Desenvolvimento web}{chapter.3}% 20
\BOOKMARK [2][-]{subsection.3.3.1}{ASP.net}{section.3.3}% 21
\BOOKMARK [2][-]{subsection.3.3.2}{Flask}{section.3.3}% 22
\BOOKMARK [2][-]{subsection.3.3.3}{Django}{section.3.3}% 23
\BOOKMARK [2][-]{subsection.3.3.4}{Conclus\365es e solu\347\343o adotada}{section.3.3}% 24
\BOOKMARK [1][-]{section.3.4}{Desenvolvimento mobile}{chapter.3}% 25
\BOOKMARK [2][-]{subsection.3.4.1}{Plataformas nativas}{section.3.4}% 26
\BOOKMARK [2][-]{subsection.3.4.2}{Multi-plataforma}{section.3.4}% 27
\BOOKMARK [2][-]{subsection.3.4.3}{Conclus\365es e solu\347\343o adotada}{section.3.4}% 28
\BOOKMARK [1][-]{section.3.5}{REST Frameworks}{chapter.3}% 29
\BOOKMARK [2][-]{subsection.3.5.1}{Django Rest Framework}{section.3.5}% 30
\BOOKMARK [2][-]{subsection.3.5.2}{Flask-RESTful}{section.3.5}% 31
\BOOKMARK [2][-]{subsection.3.5.3}{Restlet}{section.3.5}% 32
\BOOKMARK [2][-]{subsection.3.5.4}{Conclus\365es e solu\347\343o adotada}{section.3.5}% 33
\BOOKMARK [1][-]{section.3.6}{Microcontroladores}{chapter.3}% 34
\BOOKMARK [2][-]{subsection.3.6.1}{Arduino Nano}{section.3.6}% 35
\BOOKMARK [2][-]{subsection.3.6.2}{Raspberry Pi 3}{section.3.6}% 36
\BOOKMARK [1][-]{section.3.7}{Sensores}{chapter.3}% 37
\BOOKMARK [2][-]{subsection.3.7.1}{Sensor de temperatura }{section.3.7}% 38
\BOOKMARK [2][-]{subsection.3.7.2}{Sensor de luminosidade }{section.3.7}% 39
\BOOKMARK [2][-]{subsection.3.7.3}{Sensor de salinidade}{section.3.7}% 40
\BOOKMARK [1][-]{section.3.8}{Tecnologias de comunica\347\343o}{chapter.3}% 41
\BOOKMARK [2][-]{subsection.3.8.1}{Zigbee}{section.3.8}% 42
\BOOKMARK [2][-]{subsection.3.8.2}{Bluetooth \(BLE\)}{section.3.8}% 43
\BOOKMARK [2][-]{subsection.3.8.3}{Wi-Fi \(IEEE 802.11\)}{section.3.8}% 44
\BOOKMARK [2][-]{subsection.3.8.4}{Sigfox}{section.3.8}% 45
\BOOKMARK [2][-]{subsection.3.8.5}{Compara\347\343o de tecnologias de comunica\347\343o}{section.3.8}% 46
\BOOKMARK [1][-]{section.3.9}{Aplica\347\365es relacionadas}{chapter.3}% 47
\BOOKMARK [2][-]{subsection.3.9.1}{Multi-monitoriza\347\343o de estufas agr\355colas }{section.3.9}% 48
\BOOKMARK [2][-]{subsection.3.9.2}{Agroopar}{section.3.9}% 49
\BOOKMARK [2][-]{subsection.3.9.3}{outras que vale a pena para comparacao..}{section.3.9}% 50
\BOOKMARK [0][-]{chapter.4}{Sistema de controlo e monitoriza\347\343o: arquitetura e modela\347\343o}{}% 51
\BOOKMARK [1][-]{section.4.1}{Descri\347\343o global do sistema}{chapter.4}% 52
\BOOKMARK [1][-]{section.4.2}{Componentes}{chapter.4}% 53
\BOOKMARK [2][-]{subsection.4.2.1}{Sensor Module}{section.4.2}% 54
\BOOKMARK [2][-]{subsection.4.2.2}{Controller Module}{section.4.2}% 55
\BOOKMARK [1][-]{section.4.3}{An\341lise de requisitos}{chapter.4}% 56
\BOOKMARK [2][-]{subsection.4.3.1}{Requisitos funcionais}{section.4.3}% 57
\BOOKMARK [2][-]{subsection.4.3.2}{Requisitos n\343o funcionais}{section.4.3}% 58
\BOOKMARK [1][-]{section.4.4}{Modela\347\343o}{chapter.4}% 59
\BOOKMARK [2][-]{subsection.4.4.1}{Entidades envolvidas}{section.4.4}% 60
\BOOKMARK [2][-]{subsection.4.4.2}{Casos de uso}{section.4.4}% 61
\BOOKMARK [2][-]{subsection.4.4.3}{Modelo de dados}{section.4.4}% 62
\BOOKMARK [1][-]{section.4.5}{Arquitetura l\363gica}{chapter.4}% 63
\BOOKMARK [1][-]{section.4.6}{Arquitetura f\355sica}{chapter.4}% 64
\BOOKMARK [2][-]{subsection.4.6.1}{Sistema de informa\347\343o}{section.4.6}% 65
\BOOKMARK [3][-]{section*.62}{Aplica\347\343o web}{subsection.4.6.1}% 66
\BOOKMARK [3][-]{section*.67}{API REST}{subsection.4.6.1}% 67
\BOOKMARK [3][-]{section*.70}{Documenta\347\343o interativa}{subsection.4.6.1}% 68
\BOOKMARK [3][-]{section*.71}{Implementa\347\343o do sistema}{subsection.4.6.1}% 69
\BOOKMARK [3][-]{section*.72}{Aplica\347\343o mobile}{subsection.4.6.1}% 70
\BOOKMARK [2][-]{subsection.4.6.2}{Simula\347\343o em hardware}{section.4.6}% 71
\BOOKMARK [3][-]{section*.74}{Sensores utilizados}{subsection.4.6.2}% 72
\BOOKMARK [3][-]{section*.82}{Comunica\347\343o}{subsection.4.6.2}% 73
\BOOKMARK [2][-]{subsection.4.6.3}{Sistema de dete\347\343o de intrusos}{section.4.6}% 74
\BOOKMARK [3][-]{section*.88}{Biblioteca para processamento de imagem: OpenCV}{subsection.4.6.3}% 75
\BOOKMARK [1][-]{section.4.7}{Diagrama de componentes}{chapter.4}% 76
\BOOKMARK [1][-]{section.4.8}{Considera\347\365es finais}{chapter.4}% 77
\BOOKMARK [0][-]{chapter.5}{Implementa\347\343o}{}% 78
\BOOKMARK [1][-]{section.5.1}{Sistema de informa\347\343o}{chapter.5}% 79
\BOOKMARK [2][-]{subsection.5.1.1}{Sistema de registo e autentica\347\343o}{section.5.1}% 80
\BOOKMARK [2][-]{subsection.5.1.2}{Gera\347\343o de alarmes}{section.5.1}% 81
\BOOKMARK [2][-]{subsection.5.1.3}{Visualiza\347\343o dos dados e c\341lculos estat\355sticos}{section.5.1}% 82
\BOOKMARK [2][-]{subsection.5.1.4}{API}{section.5.1}% 83
\BOOKMARK [2][-]{subsection.5.1.5}{Documenta\347\343o da API}{section.5.1}% 84
\BOOKMARK [2][-]{subsection.5.1.6}{Aplica\347\343o web}{section.5.1}% 85
\BOOKMARK [2][-]{subsection.5.1.7}{Deploy do projecto}{section.5.1}% 86
\BOOKMARK [2][-]{subsection.5.1.8}{Aplica\347\343o mobile}{section.5.1}% 87
\BOOKMARK [2][-]{subsection.5.1.9}{Considera\347\365es finais}{section.5.1}% 88
\BOOKMARK [1][-]{section.5.2}{Simula\347\343o em hardware}{chapter.5}% 89
\BOOKMARK [2][-]{subsection.5.2.1}{Arduino}{section.5.2}% 90
\BOOKMARK [2][-]{subsection.5.2.2}{Sensores}{section.5.2}% 91
\BOOKMARK [2][-]{subsection.5.2.3}{Comunica\347\343o}{section.5.2}% 92
\BOOKMARK [3][-]{section*.102}{Raspberry Pi}{subsection.5.2.3}% 93
\BOOKMARK [3][-]{section*.103}{Comunica\347\343o}{subsection.5.2.3}% 94
\BOOKMARK [2][-]{subsection.5.2.4}{Considera\347\365es finais}{section.5.2}% 95
\BOOKMARK [1][-]{section.5.3}{Sistema de dete\347\343o de intrusos}{chapter.5}% 96
\BOOKMARK [2][-]{subsection.5.3.1}{Algoritmo de dete\347\343o de intrusos}{section.5.3}% 97
\BOOKMARK [2][-]{subsection.5.3.2}{Testes}{section.5.3}% 98
\BOOKMARK [2][-]{subsection.5.3.3}{Implementa\347\343o}{section.5.3}% 99
\BOOKMARK [2][-]{subsection.5.3.4}{Considera\347\365es finais}{section.5.3}% 100
\BOOKMARK [0][-]{chapter.6}{Testes e resultados}{}% 101
\BOOKMARK [1][-]{section.6.1}{Testes funcionais}{chapter.6}% 102
\BOOKMARK [2][-]{subsection.6.1.1}{API REST}{section.6.1}% 103
\BOOKMARK [2][-]{subsection.6.1.2}{Comunica\347\343o via bluettooth }{section.6.1}% 104
\BOOKMARK [2][-]{subsection.6.1.3}{Dete\347\343o de intrusos}{section.6.1}% 105
\BOOKMARK [1][-]{section.6.2}{Cen\341rio de teste}{chapter.6}% 106
\BOOKMARK [1][-]{section.6.3}{Interface mobile}{chapter.6}% 107
\BOOKMARK [1][-]{section.6.4}{Simula\347\343o em hardware}{chapter.6}% 108
\BOOKMARK [1][-]{section.6.5}{Sistema de dete\347\343o de intrusos}{chapter.6}% 109
\BOOKMARK [1][-]{section.6.6}{Considera\347\365es finais}{chapter.6}% 110
\BOOKMARK [0][-]{chapter.7}{Conclus\343o e trabalho futuro}{}% 111
\BOOKMARK [1][-]{section.7.1}{Conclus\343o}{chapter.7}% 112
\BOOKMARK [1][-]{section.7.2}{Trabalho futuro}{chapter.7}% 113
\BOOKMARK [1][-]{section.7.3}{Considera\347\365es finais}{chapter.7}% 114
\BOOKMARK [0][-]{appendix.A}{Application Programming Interface REST}{}% 115
\BOOKMARK [0][-]{appendix.B}{Mockups da aplica\347\343o mobile}{}% 116
\BOOKMARK [0][-]{appendix.C}{Trigger SQL }{}% 117
\BOOKMARK [0][-]{appendix.D}{Resultados processamento de imagem }{}% 118
\BOOKMARK [1][-]{section.D.1}{Frame 1}{appendix.D}% 119
\BOOKMARK [1][-]{section.D.2}{Frame 2}{appendix.D}% 120
\BOOKMARK [1][-]{section.D.3}{Frame 3}{appendix.D}% 121
\BOOKMARK [1][-]{section.D.4}{Frame 4}{appendix.D}% 122
\BOOKMARK [0][-]{appendix.E}{Interface gr\341fica}{}% 123
\BOOKMARK [0][-]{appendix.F}{Descri\347\343o formal dos casos de uso gerais}{}% 124
\BOOKMARK [0][-]{appendix.G}{Interliga\347\343o de componentes}{}% 125
